<?xml version="1.0" encoding="UTF-8"?>
<!-- Generated by org.testng.reporters.JUnitReportReporter -->
<testsuite hostname="LAPTOP-BRF3MDB0" failures="0" tests="1" name="com.testng.TestNgProject" time="42.385" errors="0" timestamp="4 May 2022 06:06:30 GMT">
  <testcase classname="com.testng.TestNgProject" name="test" time="42.385"/>
</testsuite> <!-- com.testng.TestNgProject -->
